[debug] [2025-06-26T13:01:04.472Z] ----------------------------------------------------------------------
[debug] [2025-06-26T13:01:04.474Z] Command:       D:\node.exe C:\Users\DELL\AppData\Roaming\npm\node_modules\firebase-tools\lib\bin\firebase.js init
[debug] [2025-06-26T13:01:04.475Z] CLI Version:   14.8.0
[debug] [2025-06-26T13:01:04.475Z] Platform:      win32
[debug] [2025-06-26T13:01:04.475Z] Node Version:  v20.11.1
[debug] [2025-06-26T13:01:04.475Z] Time:          Thu Jun 26 2025 18:31:04 GMT+0530 (India Standard Time)
[debug] [2025-06-26T13:01:04.475Z] ----------------------------------------------------------------------
[debug] 
[debug] [2025-06-26T13:01:04.480Z] > command requires scopes: ["email","openid","https://www.googleapis.com/auth/cloudplatformprojects.readonly","https://www.googleapis.com/auth/firebase","https://www.googleapis.com/auth/cloud-platform"]
[debug] [2025-06-26T13:01:04.480Z] > authorizing via signed-in user (kolpedesignstudio@gmail.com)
[info] 
     ######## #### ########  ######## ########     ###     ######  ########
     ##        ##  ##     ## ##       ##     ##  ##   ##  ##       ##
     ######    ##  ########  ######   ########  #########  ######  ######
     ##        ##  ##    ##  ##       ##     ## ##     ##       ## ##
     ##       #### ##     ## ######## ########  ##     ##  ######  ########

You're about to initialize a Firebase project in this directory:

  G:\koushik\kolpe_design\kolpe-design

[info] 
=== Project Setup
[info] 
[info] First, let's associate this project directory with a Firebase project.
[info] You can create multiple project aliases by running firebase use --add, 
[info] but for now we'll just set up a default project.
[info] 
[debug] [2025-06-26T13:01:20.311Z] Checked if tokens are valid: true, expires at: 1750946269299
[debug] [2025-06-26T13:01:20.311Z] Checked if tokens are valid: true, expires at: 1750946269299
[debug] [2025-06-26T13:01:20.312Z] >>> [apiv2][query] GET https://firebase.googleapis.com/v1beta1/projects pageSize=100
[debug] [2025-06-26T13:01:20.993Z] <<< [apiv2][status] GET https://firebase.googleapis.com/v1beta1/projects 200
[debug] [2025-06-26T13:01:20.994Z] <<< [apiv2][body] GET https://firebase.googleapis.com/v1beta1/projects [omitted]
[info] i  Using project kolpe-design (Kolpe Design) 
[info] 
=== Hosting Setup
[debug] [2025-06-26T13:01:26.141Z] Checked if tokens are valid: true, expires at: 1750946269299
[debug] [2025-06-26T13:01:26.141Z] Checked if tokens are valid: true, expires at: 1750946269299
[debug] [2025-06-26T13:01:26.141Z] >>> [apiv2][query] GET https://firebase.googleapis.com/v1beta1/projects/kolpe-design [none]
[debug] [2025-06-26T13:01:26.760Z] <<< [apiv2][status] GET https://firebase.googleapis.com/v1beta1/projects/kolpe-design 200
[debug] [2025-06-26T13:01:26.760Z] <<< [apiv2][body] GET https://firebase.googleapis.com/v1beta1/projects/kolpe-design {"projectId":"kolpe-design","projectNumber":"709362840693","displayName":"Kolpe Design","name":"projects/kolpe-design","resources":{"hostingSite":"kolpe-design"},"state":"ACTIVE","etag":"1_fa2bb11c-f85d-49c0-b5e0-28103f5716aa"}
[info] 
[info] Your public directory is the folder (relative to your project directory) that
[info] will contain Hosting assets to be uploaded with firebase deploy. If you
[info] have a build process for your assets, use your build's output directory.
[info] 
[debug] [2025-06-26T13:03:36.429Z] >>> [apiv2][query] GET https://www.gstatic.com/firebasejs/releases.json [none]
[debug] [2025-06-26T13:03:36.507Z] <<< [apiv2][status] GET https://www.gstatic.com/firebasejs/releases.json 200
[debug] [2025-06-26T13:03:36.507Z] <<< [apiv2][body] GET https://www.gstatic.com/firebasejs/releases.json {"current":{"version":"11.9.1","browserURL":"https://www.gstatic.com/firebasejs/11.9.1/firebase.js","packageURL":"https://www.gstatic.com/firebasejs/11.9.1/firebase.tgz"},"live":{"version":"11.9","browserURL":"https://www.gstatic.com/firebasejs/live/11.9/firebase.js","packageURL":"https://www.gstatic.com/firebasejs/live/11.9/firebase.tgz"},"components":{"ai":"https://www.gstatic.com/firebasejs/11.9.1/firebase-ai.js","analytics":"https://www.gstatic.com/firebasejs/11.9.1/firebase-analytics.js","app":"https://www.gstatic.com/firebasejs/11.9.1/firebase-app.js","app-check":"https://www.gstatic.com/firebasejs/11.9.1/firebase-app-check.js","auth":"https://www.gstatic.com/firebasejs/11.9.1/firebase-auth.js","auth/cordova":"https://www.gstatic.com/firebasejs/11.9.1/firebase-auth/cordova.js","auth/web-extension":"https://www.gstatic.com/firebasejs/11.9.1/firebase-auth/web-extension.js","functions":"https://www.gstatic.com/firebasejs/11.9.1/firebase-functions.js","firestore":"https://www.gstatic.com/firebasejs/11.9.1/firebase-firestore.js","firestore/lite":"https://www.gstatic.com/firebasejs/11.9.1/firebase-firestore/lite.js","installations":"https://www.gstatic.com/firebasejs/11.9.1/firebase-installations.js","storage":"https://www.gstatic.com/firebasejs/11.9.1/firebase-storage.js","performance":"https://www.gstatic.com/firebasejs/11.9.1/firebase-performance.js","remote-config":"https://www.gstatic.com/firebasejs/11.9.1/firebase-remote-config.js","messaging":"https://www.gstatic.com/firebasejs/11.9.1/firebase-messaging.js","messaging/sw":"https://www.gstatic.com/firebasejs/11.9.1/firebase-messaging/sw.js","database":"https://www.gstatic.com/firebasejs/11.9.1/firebase-database.js","vertexai":"https://www.gstatic.com/firebasejs/11.9.1/firebase-vertexai.js","data-connect":"https://www.gstatic.com/firebasejs/11.9.1/firebase-data-connect.js","firestore.memory":"https://www.gstatic.com/firebasejs/11.9.1/firebase-firestore.memory.js"}}
[info] +  Wrote npm start/index.html 
[info] 
[info] i  Didn't detect a .git folder. Assuming G:\koushik\kolpe_design\kolpe-design is the project root. 
[info] i  Authorizing with GitHub to upload your service account to a GitHub repository's secrets store. 
[info] 
[info] Visit this URL on this device to log in:
[info] https://github.com/login/oauth/authorize?client_id=89cf50f02ac6aaed3484&state=561628942&redirect_uri=http%3A%2F%2Flocalhost%3A9005&scope=read%3Auser%20repo%20public_repo
[info] 
[info] Waiting for authentication...
[debug] [2025-06-26T13:09:28.821Z] >>> [apiv2][query] POST https://github.com/login/oauth/access_token [none]
[debug] [2025-06-26T13:09:28.821Z] >>> [apiv2][body] POST https://github.com/login/oauth/access_token [stream]
[debug] [2025-06-26T13:09:29.236Z] <<< [apiv2][status] POST https://github.com/login/oauth/access_token 200
[debug] [2025-06-26T13:09:29.236Z] <<< [apiv2][body] POST https://github.com/login/oauth/access_token {"access_token":"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","token_type":"bearer","scope":"read:user,repo"}
[debug] [2025-06-26T13:09:29.242Z] >>> [apiv2][query] GET https://api.github.com/user [none]
[debug] [2025-06-26T13:09:29.751Z] <<< [apiv2][status] GET https://api.github.com/user 200
[debug] [2025-06-26T13:09:29.751Z] <<< [apiv2][body] GET https://api.github.com/user {"login":"hshobhith","id":109451746,"node_id":"U_kgDOBoYZ4g","avatar_url":"https://avatars.githubusercontent.com/u/109451746?v=4","gravatar_id":"","url":"https://api.github.com/users/hshobhith","html_url":"https://github.com/hshobhith","followers_url":"https://api.github.com/users/hshobhith/followers","following_url":"https://api.github.com/users/hshobhith/following{/other_user}","gists_url":"https://api.github.com/users/hshobhith/gists{/gist_id}","starred_url":"https://api.github.com/users/hshobhith/starred{/owner}{/repo}","subscriptions_url":"https://api.github.com/users/hshobhith/subscriptions","organizations_url":"https://api.github.com/users/hshobhith/orgs","repos_url":"https://api.github.com/users/hshobhith/repos","events_url":"https://api.github.com/users/hshobhith/events{/privacy}","received_events_url":"https://api.github.com/users/hshobhith/received_events","type":"User","user_view_type":"private","site_admin":false,"name":null,"company":null,"blog":"","location":null,"email":null,"hireable":null,"bio":null,"twitter_username":null,"notification_email":null,"public_repos":8,"public_gists":0,"followers":2,"following":1,"created_at":"2022-07-17T05:34:17Z","updated_at":"2025-06-26T13:06:51Z","private_gists":0,"total_private_repos":0,"owned_private_repos":0,"disk_usage":203072,"collaborators":0,"two_factor_authentication":false,"plan":{"name":"free","space":976562499,"collaborators":0,"private_repos":10000}}
[info] 
[info] +  Success! Logged into GitHub as hshobhith 
[info] 
[debug] [2025-06-26T13:11:07.829Z] >>> [apiv2][query] GET https://api.github.com/repos/hshobhith/kolpe-design/actions/secrets/public-key type=owner
[debug] [2025-06-26T13:11:08.166Z] <<< [apiv2][status] GET https://api.github.com/repos/hshobhith/kolpe-design/actions/secrets/public-key 404
[debug] [2025-06-26T13:11:08.166Z] <<< [apiv2][body] GET https://api.github.com/repos/hshobhith/kolpe-design/actions/secrets/public-key {"message":"Not Found","documentation_url":"https://docs.github.com/rest/actions/secrets#get-a-repository-public-key","status":"404"}
[info] 
[info] 
[error] !  The provided authorization cannot be used with this repository. If this repository is in an organization, did you remember to grant access? 
[info] 
[info] i  Action required: Visit this URL to ensure access has been granted to the appropriate organization(s) for the Firebase CLI GitHub OAuth App: 
[info] https://github.com/settings/connections/applications/89cf50f02ac6aaed3484
[info] 
